Build started 9/17/2014 8:26:24 PM.
     1>Project "C:\Users\Jack\Dropbox\Projects\tetrisfriends\win\TetrisFriendsAi\TetrisFriendsAi.vcxproj" on node 2 (Build target(s)).
     1>ClCompile:
         C:\Program Files (x86)\Microsoft Visual Studio 12.0\VC\bin\CL.exe /c /IC:\Users\Jack\Dropbox\Projects\tetrisfriends\lib\include /IC:\Users\Jack\Dropbox\Projects\tetrisfriends\src\include /ZI /nologo /W3 /WX- /sdl /Od /Oy- /D WIN32 /D _DEBUG /D _CONSOLE /D _LIB /D _UNICODE /D UNICODE /Gm /EHsc /RTC1 /MDd /GS /fp:precise /Zc:wchar_t /Zc:forScope /Fo"Adaptor List\\" /Fd"Adaptor List\vc120.pdb" /Gd /TP /analyze- /errorReport:prompt /D_SCL_SECURE_NO_WARNINGS ..\..\src\test\tetGameInfo.test.cxx tetConstants.cxx tetCore.cxx tetGameInfo.cxx
         tetGameInfo.cxx
         tetCore.cxx
         tetConstants.cxx
         tetGameInfo.test.cxx
         Generating Code...
         C:\Program Files (x86)\Microsoft Visual Studio 12.0\VC\bin\CL.exe /c /IC:\Users\Jack\Dropbox\Projects\tetrisfriends\lib\include /IC:\Users\Jack\Dropbox\Projects\tetrisfriends\src\include /ZI /nologo /W3 /WX- /sdl /Od /Oy- /D WIN32 /D _DEBUG /D _CONSOLE /D _LIB /D _UNICODE /D UNICODE /Gm /EHsc /RTC1 /MDd /GS /fp:precise /Zc:wchar_t /Zc:forScope /Fo"Adaptor List\\" /Fd"Adaptor List\vc120.pdb" /Gd /TP /analyze- /errorReport:prompt /D_SCL_SECURE_NO_WARNINGS Source.cpp
         Source.cpp
     1>c:\users\jack\dropbox\projects\tetrisfriends\win\tetrisfriendsai\source.cpp(4): error C4430: missing type specifier - int assumed. Note: C++ does not support default-int
     1>c:\users\jack\dropbox\projects\tetrisfriends\win\tetrisfriendsai\source.cpp(11): error C2065: 'PCAP_SRC_IF_STRING' : undeclared identifier
     1>c:\users\jack\dropbox\projects\tetrisfriends\win\tetrisfriendsai\source.cpp(11): error C3861: 'pcap_findalldevs_ex': identifier not found
     1>Done Building Project "C:\Users\Jack\Dropbox\Projects\tetrisfriends\win\TetrisFriendsAi\TetrisFriendsAi.vcxproj" (Build target(s)) -- FAILED.

Build FAILED.

Time Elapsed 00:00:05.28
