Build started 9/18/2014 1:57:33 AM.
     1>Project "C:\Users\Jack\Dropbox\Projects\tetrisfriends\win\TetrisFriendsAi\TetrisFriendsAi.vcxproj" on node 2 (Build target(s)).
     1>ClCompile:
         C:\Program Files (x86)\Microsoft Visual Studio 12.0\VC\bin\x86_amd64\CL.exe /c /IC:\Users\Jack\Dropbox\Projects\tetrisfriends\lib\include /IC:\Users\Jack\Dropbox\Projects\tetrisfriends\src\include /Zi /nologo /W3 /WX- /sdl /Od /D WIN32 /D _DEBUG /D _CONSOLE /D _LIB /D _UNICODE /D UNICODE /Gm /EHsc /RTC1 /MDd /GS /fp:precise /Zc:wchar_t /Zc:forScope /Fo"x64\Debug\\" /Fd"x64\Debug\vc120.pdb" /Gd /TP /errorReport:prompt ..\..\src\test\tetAi.test.cxx
         tetAi.test.cxx
     1>..\..\src\test\tetAi.test.cxx(16): warning C4244: 'argument' : conversion from 'time_t' to 'unsigned int', possible loss of data
         C:\Program Files (x86)\Microsoft Visual Studio 12.0\VC\bin\x86_amd64\CL.exe /c /IC:\Users\Jack\Dropbox\Projects\tetrisfriends\src\include /Zi /nologo /W3 /WX- /sdl /Od /D WIN32 /D _DEBUG /D _CONSOLE /D _LIB /D _UNICODE /D UNICODE /Gm /EHsc /RTC1 /MDd /GS /fp:precise /Zc:wchar_t /Zc:forScope /Fo"x64\Debug\\" /Fd"x64\Debug\vc120.pdb" /Gd /TP /errorReport:prompt ..\..\src\test\tetCore.test.cxx ..\..\src\test\tetGameInfo.test.cxx ..\..\src\test\tetKeySender.test.cxx ..\..\src\test\tetPlayer.test.cxx tetAi.cxx tetConstants.cxx tetCore.cxx tetGameInfo.cxx tetKeySender.cxx tetPlayer.cxx tetrisFriendsAi.cxx
         tetrisFriendsAi.cxx
         tetPlayer.cxx
         tetKeySender.cxx
         tetGameInfo.cxx
     1>tetGameInfo.cxx(3): fatal error C1083: Cannot open include file: 'tins/tins.h': No such file or directory
         tetCore.cxx
     1>tetCore.cxx(229): warning C4244: 'initializing' : conversion from '__int64' to 'int', possible loss of data
     1>tetCore.cxx(256): warning C4244: '+=' : conversion from '__int64' to 'int', possible loss of data
         tetConstants.cxx
         tetAi.cxx
         tetPlayer.test.cxx
         tetKeySender.test.cxx
         tetGameInfo.test.cxx
         tetCore.test.cxx
         Generating Code...
     1>Done Building Project "C:\Users\Jack\Dropbox\Projects\tetrisfriends\win\TetrisFriendsAi\TetrisFriendsAi.vcxproj" (Build target(s)) -- FAILED.

Build FAILED.

Time Elapsed 00:00:07.90
